<?xml version="1.0" encoding="UTF-8"?>
<!-- Generated by org.testng.reporters.JUnitReportReporter -->
<testsuite hostname="Sash-PC" name="com.example.tests.ContactModificationTests" tests="5" failures="0" timestamp="11 Jan 2014 07:36:55 GMT" time="10.913" errors="0">
  <testcase name="modifySomeContact" time="2.153" classname="com.example.tests.ContactModificationTests"/>
  <testcase name="modifySomeContact" time="2.205" classname="com.example.tests.ContactModificationTests"/>
  <testcase name="modifySomeContact" time="2.100" classname="com.example.tests.ContactModificationTests"/>
  <testcase name="modifySomeContact" time="2.285" classname="com.example.tests.ContactModificationTests"/>
  <testcase name="modifySomeContact" time="2.170" classname="com.example.tests.ContactModificationTests"/>
</testsuite> <!-- com.example.tests.ContactModificationTests -->
