<?xml version="1.0" encoding="UTF-8"?>
<!-- Generated by org.testng.reporters.JUnitReportReporter -->
<testsuite hostname="Sash-PC" name="com.example.tests.ContactCreationTests" tests="2" failures="0" timestamp="22 Dec 2013 13:27:31 GMT" time="6.467" errors="0">
  <testcase name="testNonEmptyContactCreation" time="3.640" classname="com.example.tests.ContactCreationTests"/>
  <testcase name="testEmptyContactCreation" time="2.827" classname="com.example.tests.ContactCreationTests"/>
</testsuite> <!-- com.example.tests.ContactCreationTests -->
