<?xml version="1.0" encoding="UTF-8"?>
<!-- Generated by org.testng.reporters.JUnitReportReporter -->
<testsuite hostname="Sash-PC" name="com.example.tests.GroupCreationTests" tests="2" failures="0" timestamp="22 Dec 2013 13:27:10 GMT" time="5.422" errors="0">
  <testcase name="testEmptyGroupCreation" time="2.582" classname="com.example.tests.GroupCreationTests"/>
  <testcase name="testNonEmptyGroupCreation" time="2.840" classname="com.example.tests.GroupCreationTests"/>
</testsuite> <!-- com.example.tests.GroupCreationTests -->
