<?xml version="1.0" encoding="UTF-8"?>
<!-- Generated by org.testng.reporters.JUnitReportReporter -->
<testsuite hostname="Sash-PC" name="com.example.tests.ContactRemovalTests" tests="1" failures="0" timestamp="20 Jan 2014 17:34:35 GMT" time="1.588" errors="1">
  <testcase name="deleteSomeContact" time="1.588" classname="com.example.tests.ContactRemovalTests">
    <error type="java.lang.AssertionError" message="
Expected: &lt;[ContactData [firstName=, lastName=null, address=null, homePhoneFirst=null, mobilePhone=null, workPhone=null, mailFirst=null, mailSecond=null, birthDay=null, birthMonth=null, birthYear=null, groupForContact=null, addressSecond=null, homePhoneSecond=null], ContactData [firstName=, lastName=null, address=null, homePhoneFirst=null, mobilePhone=null, workPhone=null, mailFirst=null, mailSecond=null, birthDay=null, birthMonth=null, birthYear=null, groupForContact=null, addressSecond=null, homePhoneSecond=null], ContactData [firstName=, lastName=null, address=null, homePhoneFirst=null, mobilePhone=null, workPhone=null, mailFirst=null, mailSecond=null, birthDay=null, birthMonth=null, birthYear=null, groupForContact=null, addressSecond=null, homePhoneSecond=null], ContactData [firstName=test-1461870594, lastName=null, address=null, homePhoneFirst=null, mobilePhone=null, workPhone=null, mailFirst=null, mailSecond=null, birthDay=null, birthMonth=null, birthYear=null, groupForContact=null, addressSecond=null, homePhoneSecond=null], ContactData [firstName=test-1522653751, lastName=null, address=null, homePhoneFirst=null, mobilePhone=null, workPhone=null, mailFirst=null, mailSecond=null, birthDay=null, birthMonth=null, birthYear=null, groupForContact=null, addressSecond=null, homePhoneSecond=null], ContactData [firstName=test-751736045, lastName=null, address=null, homePhoneFirst=null, mobilePhone=null, workPhone=null, mailFirst=null, mailSecond=null, birthDay=null, birthMonth=null, birthYear=null, groupForContact=null, addressSecond=null, homePhoneSecond=null], ContactData [firstName=test2110538821, lastName=null, address=null, homePhoneFirst=null, mobilePhone=null, workPhone=null, mailFirst=null, mailSecond=null, birthDay=null, birthMonth=null, birthYear=null, groupForContact=null, addressSecond=null, homePhoneSecond=null], ContactData [firstName=test32085850, lastName=null, address=null, homePhoneFirst=null, mobilePhone=null, workPhone=null, mailFirst=null, mailSecond=null, birthDay=null, birthMonth=null, birthYear=null, groupForContact=null, addressSecond=null, homePhoneSecond=null], ContactData [firstName=test862186281, lastName=null, address=null, homePhoneFirst=null, mobilePhone=null, workPhone=null, mailFirst=null, mailSecond=null, birthDay=null, birthMonth=null, birthYear=null, groupForContact=null, addressSecond=null, homePhoneSecond=null]]&gt;
     but: was &lt;[ContactData [firstName=, lastName=null, address=null, homePhoneFirst=null, mobilePhone=null, workPhone=null, mailFirst=null, mailSecond=null, birthDay=null, birthMonth=null, birthYear=null, groupForContact=null, addressSecond=null, homePhoneSecond=null], ContactData [firstName=, lastName=null, address=null, homePhoneFirst=null, mobilePhone=null, workPhone=null, mailFirst=null, mailSecond=null, birthDay=null, birthMonth=null, birthYear=null, groupForContact=null, addressSecond=null, homePhoneSecond=null], ContactData [firstName=, lastName=null, address=null, homePhoneFirst=null, mobilePhone=null, workPhone=null, mailFirst=null, mailSecond=null, birthDay=null, birthMonth=null, birthYear=null, groupForContact=null, addressSecond=null, homePhoneSecond=null], ContactData [firstName=test-1461870594, lastName=null, address=null, homePhoneFirst=null, mobilePhone=null, workPhone=null, mailFirst=null, mailSecond=null, birthDay=null, birthMonth=null, birthYear=null, groupForContact=null, addressSecond=null, homePhoneSecond=null], ContactData [firstName=test-1522653751, lastName=null, address=null, homePhoneFirst=null, mobilePhone=null, workPhone=null, mailFirst=null, mailSecond=null, birthDay=null, birthMonth=null, birthYear=null, groupForContact=null, addressSecond=null, homePhoneSecond=null], ContactData [firstName=test2110538821, lastName=null, address=null, homePhoneFirst=null, mobilePhone=null, workPhone=null, mailFirst=null, mailSecond=null, birthDay=null, birthMonth=null, birthYear=null, groupForContact=null, addressSecond=null, homePhoneSecond=null], ContactData [firstName=test229109890, lastName=null, address=null, homePhoneFirst=null, mobilePhone=null, workPhone=null, mailFirst=null, mailSecond=null, birthDay=null, birthMonth=null, birthYear=null, groupForContact=null, addressSecond=null, homePhoneSecond=null], ContactData [firstName=test32085850, lastName=null, address=null, homePhoneFirst=null, mobilePhone=null, workPhone=null, mailFirst=null, mailSecond=null, birthDay=null, birthMonth=null, birthYear=null, groupForContact=null, addressSecond=null, homePhoneSecond=null], ContactData [firstName=test862186281, lastName=null, address=null, homePhoneFirst=null, mobilePhone=null, workPhone=null, mailFirst=null, mailSecond=null, birthDay=null, birthMonth=null, birthYear=null, groupForContact=null, addressSecond=null, homePhoneSecond=null]]&gt;">
      <![CDATA[java.lang.AssertionError: 
Expected: <[ContactData [firstName=, lastName=null, address=null, homePhoneFirst=null, mobilePhone=null, workPhone=null, mailFirst=null, mailSecond=null, birthDay=null, birthMonth=null, birthYear=null, groupForContact=null, addressSecond=null, homePhoneSecond=null], ContactData [firstName=, lastName=null, address=null, homePhoneFirst=null, mobilePhone=null, workPhone=null, mailFirst=null, mailSecond=null, birthDay=null, birthMonth=null, birthYear=null, groupForContact=null, addressSecond=null, homePhoneSecond=null], ContactData [firstName=, lastName=null, address=null, homePhoneFirst=null, mobilePhone=null, workPhone=null, mailFirst=null, mailSecond=null, birthDay=null, birthMonth=null, birthYear=null, groupForContact=null, addressSecond=null, homePhoneSecond=null], ContactData [firstName=test-1461870594, lastName=null, address=null, homePhoneFirst=null, mobilePhone=null, workPhone=null, mailFirst=null, mailSecond=null, birthDay=null, birthMonth=null, birthYear=null, groupForContact=null, addressSecond=null, homePhoneSecond=null], ContactData [firstName=test-1522653751, lastName=null, address=null, homePhoneFirst=null, mobilePhone=null, workPhone=null, mailFirst=null, mailSecond=null, birthDay=null, birthMonth=null, birthYear=null, groupForContact=null, addressSecond=null, homePhoneSecond=null], ContactData [firstName=test-751736045, lastName=null, address=null, homePhoneFirst=null, mobilePhone=null, workPhone=null, mailFirst=null, mailSecond=null, birthDay=null, birthMonth=null, birthYear=null, groupForContact=null, addressSecond=null, homePhoneSecond=null], ContactData [firstName=test2110538821, lastName=null, address=null, homePhoneFirst=null, mobilePhone=null, workPhone=null, mailFirst=null, mailSecond=null, birthDay=null, birthMonth=null, birthYear=null, groupForContact=null, addressSecond=null, homePhoneSecond=null], ContactData [firstName=test32085850, lastName=null, address=null, homePhoneFirst=null, mobilePhone=null, workPhone=null, mailFirst=null, mailSecond=null, birthDay=null, birthMonth=null, birthYear=null, groupForContact=null, addressSecond=null, homePhoneSecond=null], ContactData [firstName=test862186281, lastName=null, address=null, homePhoneFirst=null, mobilePhone=null, workPhone=null, mailFirst=null, mailSecond=null, birthDay=null, birthMonth=null, birthYear=null, groupForContact=null, addressSecond=null, homePhoneSecond=null]]]]><![CDATA[>
     but: was <[ContactData [firstName=, lastName=null, address=null, homePhoneFirst=null, mobilePhone=null, workPhone=null, mailFirst=null, mailSecond=null, birthDay=null, birthMonth=null, birthYear=null, groupForContact=null, addressSecond=null, homePhoneSecond=null], ContactData [firstName=, lastName=null, address=null, homePhoneFirst=null, mobilePhone=null, workPhone=null, mailFirst=null, mailSecond=null, birthDay=null, birthMonth=null, birthYear=null, groupForContact=null, addressSecond=null, homePhoneSecond=null], ContactData [firstName=, lastName=null, address=null, homePhoneFirst=null, mobilePhone=null, workPhone=null, mailFirst=null, mailSecond=null, birthDay=null, birthMonth=null, birthYear=null, groupForContact=null, addressSecond=null, homePhoneSecond=null], ContactData [firstName=test-1461870594, lastName=null, address=null, homePhoneFirst=null, mobilePhone=null, workPhone=null, mailFirst=null, mailSecond=null, birthDay=null, birthMonth=null, birthYear=null, groupForContact=null, addressSecond=null, homePhoneSecond=null], ContactData [firstName=test-1522653751, lastName=null, address=null, homePhoneFirst=null, mobilePhone=null, workPhone=null, mailFirst=null, mailSecond=null, birthDay=null, birthMonth=null, birthYear=null, groupForContact=null, addressSecond=null, homePhoneSecond=null], ContactData [firstName=test2110538821, lastName=null, address=null, homePhoneFirst=null, mobilePhone=null, workPhone=null, mailFirst=null, mailSecond=null, birthDay=null, birthMonth=null, birthYear=null, groupForContact=null, addressSecond=null, homePhoneSecond=null], ContactData [firstName=test229109890, lastName=null, address=null, homePhoneFirst=null, mobilePhone=null, workPhone=null, mailFirst=null, mailSecond=null, birthDay=null, birthMonth=null, birthYear=null, groupForContact=null, addressSecond=null, homePhoneSecond=null], ContactData [firstName=test32085850, lastName=null, address=null, homePhoneFirst=null, mobilePhone=null, workPhone=null, mailFirst=null, mailSecond=null, birthDay=null, birthMonth=null, birthYear=null, groupForContact=null, addressSecond=null, homePhoneSecond=null], ContactData [firstName=test862186281, lastName=null, address=null, homePhoneFirst=null, mobilePhone=null, workPhone=null, mailFirst=null, mailSecond=null, birthDay=null, birthMonth=null, birthYear=null, groupForContact=null, addressSecond=null, homePhoneSecond=null]]]]><![CDATA[>
	at org.hamcrest.MatcherAssert.assertThat(MatcherAssert.java:20)
	at org.junit.Assert.assertThat(Assert.java:865)
	at org.junit.Assert.assertThat(Assert.java:832)
	at com.example.tests.ContactRemovalTests.deleteSomeContact(ContactRemovalTests.java:30)
	at sun.reflect.NativeMethodAccessorImpl.invoke0(Native Method)
	at sun.reflect.NativeMethodAccessorImpl.invoke(Unknown Source)
	at sun.reflect.DelegatingMethodAccessorImpl.invoke(Unknown Source)
	at java.lang.reflect.Method.invoke(Unknown Source)
	at org.testng.internal.MethodInvocationHelper.invokeMethod(MethodInvocationHelper.java:84)
	at org.testng.internal.Invoker.invokeMethod(Invoker.java:714)
	at org.testng.internal.Invoker.invokeTestMethod(Invoker.java:901)
	at org.testng.internal.Invoker.invokeTestMethods(Invoker.java:1231)
	at org.testng.internal.TestMethodWorker.invokeTestMethods(TestMethodWorker.java:127)
	at org.testng.internal.TestMethodWorker.run(TestMethodWorker.java:111)
	at org.testng.TestRunner.privateRun(TestRunner.java:767)
	at org.testng.TestRunner.run(TestRunner.java:617)
	at org.testng.SuiteRunner.runTest(SuiteRunner.java:334)
	at org.testng.SuiteRunner.runSequentially(SuiteRunner.java:329)
	at org.testng.SuiteRunner.privateRun(SuiteRunner.java:291)
	at org.testng.SuiteRunner.run(SuiteRunner.java:240)
	at org.testng.SuiteRunnerWorker.runSuite(SuiteRunnerWorker.java:52)
	at org.testng.SuiteRunnerWorker.run(SuiteRunnerWorker.java:86)
	at org.testng.TestNG.runSuitesSequentially(TestNG.java:1224)
	at org.testng.TestNG.runSuitesLocally(TestNG.java:1149)
	at org.testng.TestNG.run(TestNG.java:1057)
	at org.testng.remote.RemoteTestNG.run(RemoteTestNG.java:111)
	at org.testng.remote.RemoteTestNG.initAndRun(RemoteTestNG.java:204)
	at org.testng.remote.RemoteTestNG.main(RemoteTestNG.java:175)
]]>
    </error>
  </testcase> <!-- deleteSomeContact -->
</testsuite> <!-- com.example.tests.ContactRemovalTests -->
