<?xml version="1.0" encoding="UTF-8"?>
<!-- Generated by org.testng.reporters.JUnitReportReporter -->
<testsuite hostname="Sash-PC" name="com.example.tests.ContactModificationTests" tests="1" failures="0" timestamp="26 Dec 2013 17:33:11 GMT" time="0.624" errors="0">
  <testcase name="modifySomeContact" time="0.624" classname="com.example.tests.ContactModificationTests"/>
</testsuite> <!-- com.example.tests.ContactModificationTests -->
