<?xml version="1.0" encoding="UTF-8"?>
<!-- Generated by org.testng.reporters.JUnitReportReporter -->
<testsuite hostname="Sash-PC" name="com.example.tests.ContactRemovalTests" tests="1" failures="0" timestamp="11 Jan 2014 07:36:55 GMT" time="1.425" errors="0">
  <testcase name="deleteSomeContact" time="1.425" classname="com.example.tests.ContactRemovalTests"/>
</testsuite> <!-- com.example.tests.ContactRemovalTests -->
