<?xml version="1.0" encoding="UTF-8"?>
<!-- Generated by org.testng.reporters.JUnitReportReporter -->
<testsuite hostname="Sash-PC" name="com.example.tests.GroupRemovalTests" tests="1" failures="0" timestamp="16 Jan 2014 15:14:59 GMT" time="2.296" errors="0">
  <testcase name="deleteSomeGroup" time="2.296" classname="com.example.tests.GroupRemovalTests"/>
</testsuite> <!-- com.example.tests.GroupRemovalTests -->
