<?xml version="1.0" encoding="UTF-8"?>
<!-- Generated by org.testng.reporters.JUnitReportReporter -->
<testsuite hostname="Sash-PC" name="com.example.tests.GroupCreationTests" tests="5" failures="0" timestamp="11 Jan 2014 07:36:55 GMT" time="7.190" errors="0">
  <testcase name="testGroupCreationwithValidData" time="1.535" classname="com.example.tests.GroupCreationTests"/>
  <testcase name="testGroupCreationwithValidData" time="1.440" classname="com.example.tests.GroupCreationTests"/>
  <testcase name="testGroupCreationwithValidData" time="1.312" classname="com.example.tests.GroupCreationTests"/>
  <testcase name="testGroupCreationwithValidData" time="1.425" classname="com.example.tests.GroupCreationTests"/>
  <testcase name="testGroupCreationwithValidData" time="1.478" classname="com.example.tests.GroupCreationTests"/>
</testsuite> <!-- com.example.tests.GroupCreationTests -->
