<?xml version="1.0" encoding="UTF-8"?>
<!-- Generated by org.testng.reporters.JUnitReportReporter -->
<testsuite hostname="Sash-PC" name="com.example.tests.ContactCreationTests" tests="5" failures="0" timestamp="11 Jan 2014 07:36:55 GMT" time="13.257" errors="0">
  <testcase name="testContactCreationWithValidData" time="2.663" classname="com.example.tests.ContactCreationTests"/>
  <testcase name="testContactCreationWithValidData" time="2.505" classname="com.example.tests.ContactCreationTests"/>
  <testcase name="testContactCreationWithValidData" time="2.790" classname="com.example.tests.ContactCreationTests"/>
  <testcase name="testContactCreationWithValidData" time="2.907" classname="com.example.tests.ContactCreationTests"/>
  <testcase name="testContactCreationWithValidData" time="2.392" classname="com.example.tests.ContactCreationTests"/>
</testsuite> <!-- com.example.tests.ContactCreationTests -->
