<?xml version="1.0" encoding="UTF-8"?>
<!-- Generated by org.testng.reporters.JUnitReportReporter -->
<testsuite hostname="Sash-PC" name="com.example.tests.GroupModificationTests" tests="1" failures="0" timestamp="26 Dec 2013 17:33:11 GMT" time="1.576" errors="0">
  <testcase name="modifySomeGroup" time="1.576" classname="com.example.tests.GroupModificationTests"/>
</testsuite> <!-- com.example.tests.GroupModificationTests -->
