<?xml version="1.0" encoding="UTF-8"?>
<!-- Generated by org.testng.reporters.JUnitReportReporter -->
<testsuite hostname="Sash-PC" name="com.example.tests.GroupRemovalTests" tests="1" failures="0" timestamp="26 Dec 2013 17:33:11 GMT" time="1.575" errors="0">
  <testcase name="deleteSomeGroup" time="1.575" classname="com.example.tests.GroupRemovalTests"/>
</testsuite> <!-- com.example.tests.GroupRemovalTests -->
