<?xml version="1.0" encoding="UTF-8"?>
<!-- Generated by org.testng.reporters.JUnitReportReporter -->
<testsuite hostname="Sash-PC" name="com.example.tests.GroupRemovalTests" tests="1" failures="0" timestamp="11 Jan 2014 07:36:55 GMT" time="1.671" errors="0">
  <testcase name="deleteSomeGroup" time="1.671" classname="com.example.tests.GroupRemovalTests"/>
</testsuite> <!-- com.example.tests.GroupRemovalTests -->
