<?xml version="1.0" encoding="UTF-8"?>
<!-- Generated by org.testng.reporters.JUnitReportReporter -->
<testsuite hostname="Sash-PC" name="com.example.tests.ContactCreationTests" tests="2" failures="0" timestamp="26 Dec 2013 17:33:11 GMT" time="3.868" errors="0">
  <testcase name="testEmptyContactCreation" time="1.747" classname="com.example.tests.ContactCreationTests"/>
  <testcase name="testNonEmptyContactCreation" time="2.121" classname="com.example.tests.ContactCreationTests"/>
</testsuite> <!-- com.example.tests.ContactCreationTests -->
