<?xml version="1.0" encoding="UTF-8"?>
<!-- Generated by org.testng.reporters.JUnitReportReporter -->
<testsuite hostname="Sash-PC" name="com.example.tests.GroupCreationTests" tests="5" failures="0" timestamp="16 Jan 2014 15:14:59 GMT" time="5.322" errors="0">
  <testcase name="testGroupCreationwithValidData" time="1.140" classname="com.example.tests.GroupCreationTests"/>
  <testcase name="testGroupCreationwithValidData" time="1.020" classname="com.example.tests.GroupCreationTests"/>
  <testcase name="testGroupCreationwithValidData" time="0.990" classname="com.example.tests.GroupCreationTests"/>
  <testcase name="testGroupCreationwithValidData" time="1.040" classname="com.example.tests.GroupCreationTests"/>
  <testcase name="testGroupCreationwithValidData" time="1.132" classname="com.example.tests.GroupCreationTests"/>
</testsuite> <!-- com.example.tests.GroupCreationTests -->
