<?xml version="1.0" encoding="UTF-8"?>
<!-- Generated by org.testng.reporters.JUnitReportReporter -->
<testsuite hostname="Sash-PC" name="com.example.test.GroupCreationTests" tests="2" failures="0" timestamp="17 Dec 2013 07:57:42 GMT" time="6.739" errors="0">
  <testcase name="testEmptyGroupCreation" time="3.588" classname="com.example.test.GroupCreationTests"/>
  <testcase name="testNonEmptyGroupCreation" time="3.151" classname="com.example.test.GroupCreationTests"/>
</testsuite> <!-- com.example.test.GroupCreationTests -->
