<?xml version="1.0" encoding="UTF-8"?>
<!-- Generated by org.testng.reporters.JUnitReportReporter -->
<testsuite hostname="Sash-PC" name="com.example.tests.GroupModificationTests" tests="5" failures="0" timestamp="20 Jan 2014 17:45:17 GMT" time="6.306" errors="0">
  <testcase name="modifySomeGroup" time="1.023" classname="com.example.tests.GroupModificationTests"/>
  <testcase name="modifySomeGroup" time="2.236" classname="com.example.tests.GroupModificationTests"/>
  <testcase name="modifySomeGroup" time="0.909" classname="com.example.tests.GroupModificationTests"/>
  <testcase name="modifySomeGroup" time="1.055" classname="com.example.tests.GroupModificationTests"/>
  <testcase name="modifySomeGroup" time="1.083" classname="com.example.tests.GroupModificationTests"/>
</testsuite> <!-- com.example.tests.GroupModificationTests -->
