<?xml version="1.0" encoding="UTF-8"?>
<!-- Generated by org.testng.reporters.JUnitReportReporter -->
<testsuite hostname="Sash-PC" name="com.example.tests.ContactCreationTests" tests="2" failures="0" timestamp="17 Dec 2013 12:31:46 GMT" time="5.767" errors="0">
  <testcase name="testNonEmptyContactCreation" time="3.534" classname="com.example.tests.ContactCreationTests"/>
  <testcase name="testEmptyContactCreation" time="2.233" classname="com.example.tests.ContactCreationTests"/>
</testsuite> <!-- com.example.tests.ContactCreationTests -->
