<?xml version="1.0" encoding="UTF-8"?>
<!-- Generated by org.testng.reporters.JUnitReportReporter -->
<testsuite hostname="Sash-PC" name="com.example.tests.ContactModificationTests" tests="5" failures="0" timestamp="23 Jan 2014 13:59:50 GMT" time="785.596" errors="2">
  <testcase name="modifySomeContact" time="244.147" classname="com.example.tests.ContactModificationTests">
    <error type="java.lang.AssertionError" message="
Expected: &lt;[ContactData [firstName=, lastName=, address=null, homePhoneFirst=test-1470167878, mobilePhone=null, workPhone=null, mailFirst=null, mailSecond=null, birthDay=null, birthMonth=null, birthYear=null, groupForContact=null, addressSecond=null, homePhoneSecond=null], ContactData [firstName=, lastName=, address=null, homePhoneFirst=test-201639976, mobilePhone=null, workPhone=null, mailFirst=null, mailSecond=null, birthDay=null, birthMonth=null, birthYear=null, groupForContact=null, addressSecond=null, homePhoneSecond=null], ContactData [firstName=, lastName=, address=null, homePhoneFirst=test-1090518411, mobilePhone=null, workPhone=null, mailFirst=null, mailSecond=null, birthDay=null, birthMonth=null, birthYear=null, groupForContact=null, addressSecond=null, homePhoneSecond=null], ContactData [firstName=, lastName=test353544346, address=null, homePhoneFirst=test-521837372, mobilePhone=null, workPhone=null, mailFirst=null, mailSecond=null, birthDay=null, birthMonth=null, birthYear=null, groupForContact=null, addressSecond=null, homePhoneSecond=null], ContactData [firstName=, lastName=test-1659859774, address=, homePhoneFirst=test-424563623, mobilePhone=test-160052800, workPhone=test396772429, mailFirst=, mailSecond=, birthDay=1, birthMonth=May, birthYear=1987, groupForContact=null, addressSecond=, homePhoneSecond=], ContactData [firstName=test-1056255607, lastName=test1617584618, address=null, homePhoneFirst=test-691599604, mobilePhone=null, workPhone=null, mailFirst=null, mailSecond=null, birthDay=null, birthMonth=null, birthYear=null, groupForContact=null, addressSecond=null, homePhoneSecond=null], ContactData [firstName=test-1149990104, lastName=test-289211272, address=null, homePhoneFirst=test-429841836, mobilePhone=null, workPhone=null, mailFirst=null, mailSecond=null, birthDay=null, birthMonth=null, birthYear=null, groupForContact=null, addressSecond=null, homePhoneSecond=null], ContactData [firstName=test-797934947, lastName=, address=null, homePhoneFirst=test1654761088, mobilePhone=null, workPhone=null, mailFirst=null, mailSecond=null, birthDay=null, birthMonth=null, birthYear=null, groupForContact=null, addressSecond=null, homePhoneSecond=null], ContactData [firstName=test1414031120, lastName=, address=null, homePhoneFirst=test-964250360, mobilePhone=null, workPhone=null, mailFirst=null, mailSecond=null, birthDay=null, birthMonth=null, birthYear=null, groupForContact=null, addressSecond=null, homePhoneSecond=null], ContactData [firstName=test456930988, lastName=test-1160339134, address=null, homePhoneFirst=test154820412, mobilePhone=null, workPhone=null, mailFirst=null, mailSecond=null, birthDay=null, birthMonth=null, birthYear=null, groupForContact=null, addressSecond=null, homePhoneSecond=null]]&gt;
     but: was &lt;[ContactData [firstName=, lastName=, address=null, homePhoneFirst=test-1470167878, mobilePhone=null, workPhone=null, mailFirst=null, mailSecond=null, birthDay=null, birthMonth=null, birthYear=null, groupForContact=null, addressSecond=null, homePhoneSecond=null], ContactData [firstName=, lastName=, address=null, homePhoneFirst=test-201639976, mobilePhone=null, workPhone=null, mailFirst=null, mailSecond=null, birthDay=null, birthMonth=null, birthYear=null, groupForContact=null, addressSecond=null, homePhoneSecond=null], ContactData [firstName=, lastName=, address=null, homePhoneFirst=test-1090518411, mobilePhone=null, workPhone=null, mailFirst=null, mailSecond=null, birthDay=null, birthMonth=null, birthYear=null, groupForContact=null, addressSecond=null, homePhoneSecond=null], ContactData [firstName=, lastName=test-1659859774, address=null, homePhoneFirst=test-424563623, mobilePhone=null, workPhone=null, mailFirst=null, mailSecond=null, birthDay=null, birthMonth=null, birthYear=null, groupForContact=null, addressSecond=null, homePhoneSecond=null], ContactData [firstName=, lastName=test353544346, address=null, homePhoneFirst=test-521837372, mobilePhone=null, workPhone=null, mailFirst=null, mailSecond=null, birthDay=null, birthMonth=null, birthYear=null, groupForContact=null, addressSecond=null, homePhoneSecond=null], ContactData [firstName=, lastName=test871027728, address=null, homePhoneFirst=test-1408648887, mobilePhone=null, workPhone=null, mailFirst=null, mailSecond=null, birthDay=null, birthMonth=null, birthYear=null, groupForContact=null, addressSecond=null, homePhoneSecond=null], ContactData [firstName=test-1056255607, lastName=test1617584618, address=null, homePhoneFirst=test-691599604, mobilePhone=null, workPhone=null, mailFirst=null, mailSecond=null, birthDay=null, birthMonth=null, birthYear=null, groupForContact=null, addressSecond=null, homePhoneSecond=null], ContactData [firstName=test-1149990104, lastName=test-289211272, address=null, homePhoneFirst=test-429841836, mobilePhone=null, workPhone=null, mailFirst=null, mailSecond=null, birthDay=null, birthMonth=null, birthYear=null, groupForContact=null, addressSecond=null, homePhoneSecond=null], ContactData [firstName=test-797934947, lastName=, address=null, homePhoneFirst=test1654761088, mobilePhone=null, workPhone=null, mailFirst=null, mailSecond=null, birthDay=null, birthMonth=null, birthYear=null, groupForContact=null, addressSecond=null, homePhoneSecond=null], ContactData [firstName=test456930988, lastName=test-1160339134, address=null, homePhoneFirst=test154820412, mobilePhone=null, workPhone=null, mailFirst=null, mailSecond=null, birthDay=null, birthMonth=null, birthYear=null, groupForContact=null, addressSecond=null, homePhoneSecond=null]]&gt;">
      <![CDATA[java.lang.AssertionError: 
Expected: <[ContactData [firstName=, lastName=, address=null, homePhoneFirst=test-1470167878, mobilePhone=null, workPhone=null, mailFirst=null, mailSecond=null, birthDay=null, birthMonth=null, birthYear=null, groupForContact=null, addressSecond=null, homePhoneSecond=null], ContactData [firstName=, lastName=, address=null, homePhoneFirst=test-201639976, mobilePhone=null, workPhone=null, mailFirst=null, mailSecond=null, birthDay=null, birthMonth=null, birthYear=null, groupForContact=null, addressSecond=null, homePhoneSecond=null], ContactData [firstName=, lastName=, address=null, homePhoneFirst=test-1090518411, mobilePhone=null, workPhone=null, mailFirst=null, mailSecond=null, birthDay=null, birthMonth=null, birthYear=null, groupForContact=null, addressSecond=null, homePhoneSecond=null], ContactData [firstName=, lastName=test353544346, address=null, homePhoneFirst=test-521837372, mobilePhone=null, workPhone=null, mailFirst=null, mailSecond=null, birthDay=null, birthMonth=null, birthYear=null, groupForContact=null, addressSecond=null, homePhoneSecond=null], ContactData [firstName=, lastName=test-1659859774, address=, homePhoneFirst=test-424563623, mobilePhone=test-160052800, workPhone=test396772429, mailFirst=, mailSecond=, birthDay=1, birthMonth=May, birthYear=1987, groupForContact=null, addressSecond=, homePhoneSecond=], ContactData [firstName=test-1056255607, lastName=test1617584618, address=null, homePhoneFirst=test-691599604, mobilePhone=null, workPhone=null, mailFirst=null, mailSecond=null, birthDay=null, birthMonth=null, birthYear=null, groupForContact=null, addressSecond=null, homePhoneSecond=null], ContactData [firstName=test-1149990104, lastName=test-289211272, address=null, homePhoneFirst=test-429841836, mobilePhone=null, workPhone=null, mailFirst=null, mailSecond=null, birthDay=null, birthMonth=null, birthYear=null, groupForContact=null, addressSecond=null, homePhoneSecond=null], ContactData [firstName=test-797934947, lastName=, address=null, homePhoneFirst=test1654761088, mobilePhone=null, workPhone=null, mailFirst=null, mailSecond=null, birthDay=null, birthMonth=null, birthYear=null, groupForContact=null, addressSecond=null, homePhoneSecond=null], ContactData [firstName=test1414031120, lastName=, address=null, homePhoneFirst=test-964250360, mobilePhone=null, workPhone=null, mailFirst=null, mailSecond=null, birthDay=null, birthMonth=null, birthYear=null, groupForContact=null, addressSecond=null, homePhoneSecond=null], ContactData [firstName=test456930988, lastName=test-1160339134, address=null, homePhoneFirst=test154820412, mobilePhone=null, workPhone=null, mailFirst=null, mailSecond=null, birthDay=null, birthMonth=null, birthYear=null, groupForContact=null, addressSecond=null, homePhoneSecond=null]]]]><![CDATA[>
     but: was <[ContactData [firstName=, lastName=, address=null, homePhoneFirst=test-1470167878, mobilePhone=null, workPhone=null, mailFirst=null, mailSecond=null, birthDay=null, birthMonth=null, birthYear=null, groupForContact=null, addressSecond=null, homePhoneSecond=null], ContactData [firstName=, lastName=, address=null, homePhoneFirst=test-201639976, mobilePhone=null, workPhone=null, mailFirst=null, mailSecond=null, birthDay=null, birthMonth=null, birthYear=null, groupForContact=null, addressSecond=null, homePhoneSecond=null], ContactData [firstName=, lastName=, address=null, homePhoneFirst=test-1090518411, mobilePhone=null, workPhone=null, mailFirst=null, mailSecond=null, birthDay=null, birthMonth=null, birthYear=null, groupForContact=null, addressSecond=null, homePhoneSecond=null], ContactData [firstName=, lastName=test-1659859774, address=null, homePhoneFirst=test-424563623, mobilePhone=null, workPhone=null, mailFirst=null, mailSecond=null, birthDay=null, birthMonth=null, birthYear=null, groupForContact=null, addressSecond=null, homePhoneSecond=null], ContactData [firstName=, lastName=test353544346, address=null, homePhoneFirst=test-521837372, mobilePhone=null, workPhone=null, mailFirst=null, mailSecond=null, birthDay=null, birthMonth=null, birthYear=null, groupForContact=null, addressSecond=null, homePhoneSecond=null], ContactData [firstName=, lastName=test871027728, address=null, homePhoneFirst=test-1408648887, mobilePhone=null, workPhone=null, mailFirst=null, mailSecond=null, birthDay=null, birthMonth=null, birthYear=null, groupForContact=null, addressSecond=null, homePhoneSecond=null], ContactData [firstName=test-1056255607, lastName=test1617584618, address=null, homePhoneFirst=test-691599604, mobilePhone=null, workPhone=null, mailFirst=null, mailSecond=null, birthDay=null, birthMonth=null, birthYear=null, groupForContact=null, addressSecond=null, homePhoneSecond=null], ContactData [firstName=test-1149990104, lastName=test-289211272, address=null, homePhoneFirst=test-429841836, mobilePhone=null, workPhone=null, mailFirst=null, mailSecond=null, birthDay=null, birthMonth=null, birthYear=null, groupForContact=null, addressSecond=null, homePhoneSecond=null], ContactData [firstName=test-797934947, lastName=, address=null, homePhoneFirst=test1654761088, mobilePhone=null, workPhone=null, mailFirst=null, mailSecond=null, birthDay=null, birthMonth=null, birthYear=null, groupForContact=null, addressSecond=null, homePhoneSecond=null], ContactData [firstName=test456930988, lastName=test-1160339134, address=null, homePhoneFirst=test154820412, mobilePhone=null, workPhone=null, mailFirst=null, mailSecond=null, birthDay=null, birthMonth=null, birthYear=null, groupForContact=null, addressSecond=null, homePhoneSecond=null]]]]><![CDATA[>
	at org.hamcrest.MatcherAssert.assertThat(MatcherAssert.java:20)
	at org.junit.Assert.assertThat(Assert.java:865)
	at org.junit.Assert.assertThat(Assert.java:832)
	at com.example.tests.ContactModificationTests.modifySomeContact(ContactModificationTests.java:31)
	at sun.reflect.NativeMethodAccessorImpl.invoke0(Native Method)
	at sun.reflect.NativeMethodAccessorImpl.invoke(Unknown Source)
	at sun.reflect.DelegatingMethodAccessorImpl.invoke(Unknown Source)
	at java.lang.reflect.Method.invoke(Unknown Source)
	at org.testng.internal.MethodInvocationHelper.invokeMethod(MethodInvocationHelper.java:84)
	at org.testng.internal.Invoker.invokeMethod(Invoker.java:714)
	at org.testng.internal.Invoker.invokeTestMethod(Invoker.java:901)
	at org.testng.internal.Invoker.invokeTestMethods(Invoker.java:1231)
	at org.testng.internal.TestMethodWorker.invokeTestMethods(TestMethodWorker.java:127)
	at org.testng.internal.TestMethodWorker.run(TestMethodWorker.java:111)
	at org.testng.TestRunner.privateRun(TestRunner.java:767)
	at org.testng.TestRunner.run(TestRunner.java:617)
	at org.testng.SuiteRunner.runTest(SuiteRunner.java:334)
	at org.testng.SuiteRunner.runSequentially(SuiteRunner.java:329)
	at org.testng.SuiteRunner.privateRun(SuiteRunner.java:291)
	at org.testng.SuiteRunner.run(SuiteRunner.java:240)
	at org.testng.SuiteRunnerWorker.runSuite(SuiteRunnerWorker.java:52)
	at org.testng.SuiteRunnerWorker.run(SuiteRunnerWorker.java:86)
	at org.testng.TestNG.runSuitesSequentially(TestNG.java:1224)
	at org.testng.TestNG.runSuitesLocally(TestNG.java:1149)
	at org.testng.TestNG.run(TestNG.java:1057)
	at org.testng.remote.RemoteTestNG.run(RemoteTestNG.java:111)
	at org.testng.remote.RemoteTestNG.initAndRun(RemoteTestNG.java:204)
	at org.testng.remote.RemoteTestNG.main(RemoteTestNG.java:175)
]]>
    </error>
  </testcase> <!-- modifySomeContact -->
  <testcase name="modifySomeContact" time="126.448" classname="com.example.tests.ContactModificationTests"/>
  <testcase name="modifySomeContact" time="274.247" classname="com.example.tests.ContactModificationTests"/>
  <testcase name="modifySomeContact" time="132.956" classname="com.example.tests.ContactModificationTests"/>
  <testcase name="modifySomeContact" time="7.798" classname="com.example.tests.ContactModificationTests">
    <error type="java.lang.AssertionError" message="
Expected: &lt;[ContactData [firstName=, lastName=, address=null, homePhoneFirst=test-201639976, mobilePhone=null, workPhone=null, mailFirst=null, mailSecond=null, birthDay=null, birthMonth=null, birthYear=null, groupForContact=null, addressSecond=null, homePhoneSecond=null], ContactData [firstName=, lastName=, address=null, homePhoneFirst=test1765384434, mobilePhone=null, workPhone=null, mailFirst=null, mailSecond=null, birthDay=null, birthMonth=null, birthYear=null, groupForContact=null, addressSecond=null, homePhoneSecond=null], ContactData [firstName=, lastName=test2105961518, address=null, homePhoneFirst=test-451593914, mobilePhone=null, workPhone=null, mailFirst=null, mailSecond=null, birthDay=null, birthMonth=null, birthYear=null, groupForContact=null, addressSecond=null, homePhoneSecond=null], ContactData [firstName=, lastName=test353544346, address=null, homePhoneFirst=test-521837372, mobilePhone=null, workPhone=null, mailFirst=null, mailSecond=null, birthDay=null, birthMonth=null, birthYear=null, groupForContact=null, addressSecond=null, homePhoneSecond=null], ContactData [firstName=, lastName=test871027728, address=null, homePhoneFirst=test-1408648887, mobilePhone=null, workPhone=null, mailFirst=null, mailSecond=null, birthDay=null, birthMonth=null, birthYear=null, groupForContact=null, addressSecond=null, homePhoneSecond=null], ContactData [firstName=, lastName=, address=test-2011051238, homePhoneFirst=, mobilePhone=, workPhone=test-1470167878, mailFirst=, mailSecond=test-1083804845, birthDay=1, birthMonth=May, birthYear=1987, groupForContact=null, addressSecond=test1350413968, homePhoneSecond=test266116825], ContactData [firstName=test-1056255607, lastName=test1617584618, address=null, homePhoneFirst=test-691599604, mobilePhone=null, workPhone=null, mailFirst=null, mailSecond=null, birthDay=null, birthMonth=null, birthYear=null, groupForContact=null, addressSecond=null, homePhoneSecond=null], ContactData [firstName=test-1149990104, lastName=test-289211272, address=null, homePhoneFirst=test-429841836, mobilePhone=null, workPhone=null, mailFirst=null, mailSecond=null, birthDay=null, birthMonth=null, birthYear=null, groupForContact=null, addressSecond=null, homePhoneSecond=null], ContactData [firstName=test1414031120, lastName=, address=null, homePhoneFirst=test-964250360, mobilePhone=null, workPhone=null, mailFirst=null, mailSecond=null, birthDay=null, birthMonth=null, birthYear=null, groupForContact=null, addressSecond=null, homePhoneSecond=null], ContactData [firstName=test456930988, lastName=test-1160339134, address=null, homePhoneFirst=test154820412, mobilePhone=null, workPhone=null, mailFirst=null, mailSecond=null, birthDay=null, birthMonth=null, birthYear=null, groupForContact=null, addressSecond=null, homePhoneSecond=null]]&gt;
     but: was &lt;[ContactData [firstName=, lastName=, address=null, homePhoneFirst=test-1470167878, mobilePhone=null, workPhone=null, mailFirst=null, mailSecond=null, birthDay=null, birthMonth=null, birthYear=null, groupForContact=null, addressSecond=null, homePhoneSecond=null], ContactData [firstName=, lastName=, address=null, homePhoneFirst=test-201639976, mobilePhone=null, workPhone=null, mailFirst=null, mailSecond=null, birthDay=null, birthMonth=null, birthYear=null, groupForContact=null, addressSecond=null, homePhoneSecond=null], ContactData [firstName=, lastName=, address=null, homePhoneFirst=test1765384434, mobilePhone=null, workPhone=null, mailFirst=null, mailSecond=null, birthDay=null, birthMonth=null, birthYear=null, groupForContact=null, addressSecond=null, homePhoneSecond=null], ContactData [firstName=, lastName=test353544346, address=null, homePhoneFirst=test-521837372, mobilePhone=null, workPhone=null, mailFirst=null, mailSecond=null, birthDay=null, birthMonth=null, birthYear=null, groupForContact=null, addressSecond=null, homePhoneSecond=null], ContactData [firstName=, lastName=test871027728, address=null, homePhoneFirst=test-1408648887, mobilePhone=null, workPhone=null, mailFirst=null, mailSecond=null, birthDay=null, birthMonth=null, birthYear=null, groupForContact=null, addressSecond=null, homePhoneSecond=null], ContactData [firstName=test-1056255607, lastName=test1617584618, address=null, homePhoneFirst=test-691599604, mobilePhone=null, workPhone=null, mailFirst=null, mailSecond=null, birthDay=null, birthMonth=null, birthYear=null, groupForContact=null, addressSecond=null, homePhoneSecond=null], ContactData [firstName=test-1149990104, lastName=test-289211272, address=null, homePhoneFirst=test-429841836, mobilePhone=null, workPhone=null, mailFirst=null, mailSecond=null, birthDay=null, birthMonth=null, birthYear=null, groupForContact=null, addressSecond=null, homePhoneSecond=null], ContactData [firstName=test-797934947, lastName=, address=null, homePhoneFirst=test1654761088, mobilePhone=null, workPhone=null, mailFirst=null, mailSecond=null, birthDay=null, birthMonth=null, birthYear=null, groupForContact=null, addressSecond=null, homePhoneSecond=null], ContactData [firstName=test1414031120, lastName=, address=null, homePhoneFirst=test-964250360, mobilePhone=null, workPhone=null, mailFirst=null, mailSecond=null, birthDay=null, birthMonth=null, birthYear=null, groupForContact=null, addressSecond=null, homePhoneSecond=null], ContactData [firstName=test456930988, lastName=test-1160339134, address=null, homePhoneFirst=test154820412, mobilePhone=null, workPhone=null, mailFirst=null, mailSecond=null, birthDay=null, birthMonth=null, birthYear=null, groupForContact=null, addressSecond=null, homePhoneSecond=null]]&gt;">
      <![CDATA[java.lang.AssertionError: 
Expected: <[ContactData [firstName=, lastName=, address=null, homePhoneFirst=test-201639976, mobilePhone=null, workPhone=null, mailFirst=null, mailSecond=null, birthDay=null, birthMonth=null, birthYear=null, groupForContact=null, addressSecond=null, homePhoneSecond=null], ContactData [firstName=, lastName=, address=null, homePhoneFirst=test1765384434, mobilePhone=null, workPhone=null, mailFirst=null, mailSecond=null, birthDay=null, birthMonth=null, birthYear=null, groupForContact=null, addressSecond=null, homePhoneSecond=null], ContactData [firstName=, lastName=test2105961518, address=null, homePhoneFirst=test-451593914, mobilePhone=null, workPhone=null, mailFirst=null, mailSecond=null, birthDay=null, birthMonth=null, birthYear=null, groupForContact=null, addressSecond=null, homePhoneSecond=null], ContactData [firstName=, lastName=test353544346, address=null, homePhoneFirst=test-521837372, mobilePhone=null, workPhone=null, mailFirst=null, mailSecond=null, birthDay=null, birthMonth=null, birthYear=null, groupForContact=null, addressSecond=null, homePhoneSecond=null], ContactData [firstName=, lastName=test871027728, address=null, homePhoneFirst=test-1408648887, mobilePhone=null, workPhone=null, mailFirst=null, mailSecond=null, birthDay=null, birthMonth=null, birthYear=null, groupForContact=null, addressSecond=null, homePhoneSecond=null], ContactData [firstName=, lastName=, address=test-2011051238, homePhoneFirst=, mobilePhone=, workPhone=test-1470167878, mailFirst=, mailSecond=test-1083804845, birthDay=1, birthMonth=May, birthYear=1987, groupForContact=null, addressSecond=test1350413968, homePhoneSecond=test266116825], ContactData [firstName=test-1056255607, lastName=test1617584618, address=null, homePhoneFirst=test-691599604, mobilePhone=null, workPhone=null, mailFirst=null, mailSecond=null, birthDay=null, birthMonth=null, birthYear=null, groupForContact=null, addressSecond=null, homePhoneSecond=null], ContactData [firstName=test-1149990104, lastName=test-289211272, address=null, homePhoneFirst=test-429841836, mobilePhone=null, workPhone=null, mailFirst=null, mailSecond=null, birthDay=null, birthMonth=null, birthYear=null, groupForContact=null, addressSecond=null, homePhoneSecond=null], ContactData [firstName=test1414031120, lastName=, address=null, homePhoneFirst=test-964250360, mobilePhone=null, workPhone=null, mailFirst=null, mailSecond=null, birthDay=null, birthMonth=null, birthYear=null, groupForContact=null, addressSecond=null, homePhoneSecond=null], ContactData [firstName=test456930988, lastName=test-1160339134, address=null, homePhoneFirst=test154820412, mobilePhone=null, workPhone=null, mailFirst=null, mailSecond=null, birthDay=null, birthMonth=null, birthYear=null, groupForContact=null, addressSecond=null, homePhoneSecond=null]]]]><![CDATA[>
     but: was <[ContactData [firstName=, lastName=, address=null, homePhoneFirst=test-1470167878, mobilePhone=null, workPhone=null, mailFirst=null, mailSecond=null, birthDay=null, birthMonth=null, birthYear=null, groupForContact=null, addressSecond=null, homePhoneSecond=null], ContactData [firstName=, lastName=, address=null, homePhoneFirst=test-201639976, mobilePhone=null, workPhone=null, mailFirst=null, mailSecond=null, birthDay=null, birthMonth=null, birthYear=null, groupForContact=null, addressSecond=null, homePhoneSecond=null], ContactData [firstName=, lastName=, address=null, homePhoneFirst=test1765384434, mobilePhone=null, workPhone=null, mailFirst=null, mailSecond=null, birthDay=null, birthMonth=null, birthYear=null, groupForContact=null, addressSecond=null, homePhoneSecond=null], ContactData [firstName=, lastName=test353544346, address=null, homePhoneFirst=test-521837372, mobilePhone=null, workPhone=null, mailFirst=null, mailSecond=null, birthDay=null, birthMonth=null, birthYear=null, groupForContact=null, addressSecond=null, homePhoneSecond=null], ContactData [firstName=, lastName=test871027728, address=null, homePhoneFirst=test-1408648887, mobilePhone=null, workPhone=null, mailFirst=null, mailSecond=null, birthDay=null, birthMonth=null, birthYear=null, groupForContact=null, addressSecond=null, homePhoneSecond=null], ContactData [firstName=test-1056255607, lastName=test1617584618, address=null, homePhoneFirst=test-691599604, mobilePhone=null, workPhone=null, mailFirst=null, mailSecond=null, birthDay=null, birthMonth=null, birthYear=null, groupForContact=null, addressSecond=null, homePhoneSecond=null], ContactData [firstName=test-1149990104, lastName=test-289211272, address=null, homePhoneFirst=test-429841836, mobilePhone=null, workPhone=null, mailFirst=null, mailSecond=null, birthDay=null, birthMonth=null, birthYear=null, groupForContact=null, addressSecond=null, homePhoneSecond=null], ContactData [firstName=test-797934947, lastName=, address=null, homePhoneFirst=test1654761088, mobilePhone=null, workPhone=null, mailFirst=null, mailSecond=null, birthDay=null, birthMonth=null, birthYear=null, groupForContact=null, addressSecond=null, homePhoneSecond=null], ContactData [firstName=test1414031120, lastName=, address=null, homePhoneFirst=test-964250360, mobilePhone=null, workPhone=null, mailFirst=null, mailSecond=null, birthDay=null, birthMonth=null, birthYear=null, groupForContact=null, addressSecond=null, homePhoneSecond=null], ContactData [firstName=test456930988, lastName=test-1160339134, address=null, homePhoneFirst=test154820412, mobilePhone=null, workPhone=null, mailFirst=null, mailSecond=null, birthDay=null, birthMonth=null, birthYear=null, groupForContact=null, addressSecond=null, homePhoneSecond=null]]]]><![CDATA[>
	at org.hamcrest.MatcherAssert.assertThat(MatcherAssert.java:20)
	at org.junit.Assert.assertThat(Assert.java:865)
	at org.junit.Assert.assertThat(Assert.java:832)
	at com.example.tests.ContactModificationTests.modifySomeContact(ContactModificationTests.java:31)
	at sun.reflect.NativeMethodAccessorImpl.invoke0(Native Method)
	at sun.reflect.NativeMethodAccessorImpl.invoke(Unknown Source)
	at sun.reflect.DelegatingMethodAccessorImpl.invoke(Unknown Source)
	at java.lang.reflect.Method.invoke(Unknown Source)
	at org.testng.internal.MethodInvocationHelper.invokeMethod(MethodInvocationHelper.java:84)
	at org.testng.internal.Invoker.invokeMethod(Invoker.java:714)
	at org.testng.internal.Invoker.invokeTestMethod(Invoker.java:901)
	at org.testng.internal.Invoker.invokeTestMethods(Invoker.java:1231)
	at org.testng.internal.TestMethodWorker.invokeTestMethods(TestMethodWorker.java:127)
	at org.testng.internal.TestMethodWorker.run(TestMethodWorker.java:111)
	at org.testng.TestRunner.privateRun(TestRunner.java:767)
	at org.testng.TestRunner.run(TestRunner.java:617)
	at org.testng.SuiteRunner.runTest(SuiteRunner.java:334)
	at org.testng.SuiteRunner.runSequentially(SuiteRunner.java:329)
	at org.testng.SuiteRunner.privateRun(SuiteRunner.java:291)
	at org.testng.SuiteRunner.run(SuiteRunner.java:240)
	at org.testng.SuiteRunnerWorker.runSuite(SuiteRunnerWorker.java:52)
	at org.testng.SuiteRunnerWorker.run(SuiteRunnerWorker.java:86)
	at org.testng.TestNG.runSuitesSequentially(TestNG.java:1224)
	at org.testng.TestNG.runSuitesLocally(TestNG.java:1149)
	at org.testng.TestNG.run(TestNG.java:1057)
	at org.testng.remote.RemoteTestNG.run(RemoteTestNG.java:111)
	at org.testng.remote.RemoteTestNG.initAndRun(RemoteTestNG.java:204)
	at org.testng.remote.RemoteTestNG.main(RemoteTestNG.java:175)
]]>
    </error>
  </testcase> <!-- modifySomeContact -->
</testsuite> <!-- com.example.tests.ContactModificationTests -->
