<?xml version="1.0" encoding="UTF-8"?>
<!-- Generated by org.testng.reporters.JUnitReportReporter -->
<testsuite hostname="Sash-PC" name="com.example.tests.GroupModificationTests" tests="5" failures="0" timestamp="11 Jan 2014 07:36:55 GMT" time="7.440" errors="0">
  <testcase name="modifySomeGroup" time="1.860" classname="com.example.tests.GroupModificationTests"/>
  <testcase name="modifySomeGroup" time="1.413" classname="com.example.tests.GroupModificationTests"/>
  <testcase name="modifySomeGroup" time="1.325" classname="com.example.tests.GroupModificationTests"/>
  <testcase name="modifySomeGroup" time="1.372" classname="com.example.tests.GroupModificationTests"/>
  <testcase name="modifySomeGroup" time="1.470" classname="com.example.tests.GroupModificationTests"/>
</testsuite> <!-- com.example.tests.GroupModificationTests -->
