<?xml version="1.0" encoding="UTF-8"?>
<!-- Generated by org.testng.reporters.JUnitReportReporter -->
<testsuite hostname="Sash-PC" name="com.example.tests.ContactRemovalTests" tests="1" failures="0" timestamp="26 Dec 2013 17:33:11 GMT" time="0.562" errors="0">
  <testcase name="deleteSomeContact" time="0.562" classname="com.example.tests.ContactRemovalTests"/>
</testsuite> <!-- com.example.tests.ContactRemovalTests -->
